2023-02-25 23:41:42,657 __main__ 0/8 INFO :: Computing Stability for Gr=1.000e+03, Pr=1.000e+00, eta=6.000e-01, mu = 0.000e+00, m=-2, nr = 64
2023-02-25 23:41:42,659 problems 0/8 INFO :: Solving EVP with homogeneity tolerance of 1.000e-10
2023-02-25 23:41:42,747 problems 0/8 INFO :: Solving EVP with homogeneity tolerance of 1.000e-10
2023-02-25 23:41:42,833 criticalfinder 0/8 INFO :: Solving Local EVP 1/50
2023-02-25 23:42:10,352 __main__ 0/8 INFO :: Computing Stability for Gr=1.000e+03, Pr=1.000e+00, eta=6.000e-01, mu = 0.000e+00, m=-2, nr = 64
2023-02-25 23:42:10,353 problems 0/8 INFO :: Solving EVP with homogeneity tolerance of 1.000e-10
2023-02-25 23:42:10,442 problems 0/8 INFO :: Solving EVP with homogeneity tolerance of 1.000e-10
2023-02-25 23:42:10,528 criticalfinder 0/8 INFO :: Solving Local EVP 1/50
2023-02-25 23:42:52,226 criticalfinder 0/8 INFO :: Solving Local EVP 2/50
2023-02-25 23:43:34,873 criticalfinder 0/8 INFO :: Solving Local EVP 3/50
2023-02-25 23:44:14,964 criticalfinder 0/8 INFO :: Solving Local EVP 4/50
2023-02-25 23:44:56,669 criticalfinder 0/8 INFO :: Solving Local EVP 5/50
2023-02-25 23:45:35,996 criticalfinder 0/8 INFO :: Solving Local EVP 6/50
2023-02-25 23:46:18,835 criticalfinder 0/8 INFO :: Solving Local EVP 7/50
2023-02-25 23:47:00,861 criticalfinder 0/8 INFO :: Solving Local EVP 8/50
2023-02-25 23:47:45,024 criticalfinder 0/8 INFO :: Solving Local EVP 9/50
2023-02-25 23:48:27,331 criticalfinder 0/8 INFO :: Solving Local EVP 10/50
2023-02-25 23:49:09,241 criticalfinder 0/8 INFO :: Solving Local EVP 11/50
2023-02-25 23:49:53,230 criticalfinder 0/8 INFO :: Solving Local EVP 12/50
2023-02-25 23:50:35,565 criticalfinder 0/8 INFO :: Solving Local EVP 13/50
2023-02-25 23:51:17,990 criticalfinder 0/8 INFO :: Solving Local EVP 14/50
2023-02-25 23:52:00,330 criticalfinder 0/8 INFO :: Solving Local EVP 15/50
2023-02-25 23:52:43,057 criticalfinder 0/8 INFO :: Solving Local EVP 16/50
2023-02-25 23:53:28,271 criticalfinder 0/8 INFO :: Solving Local EVP 17/50
2023-02-25 23:54:09,538 criticalfinder 0/8 INFO :: Solving Local EVP 18/50
2023-02-25 23:54:48,276 criticalfinder 0/8 INFO :: Solving Local EVP 19/50
2023-02-25 23:55:29,836 criticalfinder 0/8 INFO :: Solving Local EVP 20/50
2023-02-25 23:56:13,422 criticalfinder 0/8 INFO :: Solving Local EVP 21/50
2023-02-25 23:56:53,538 criticalfinder 0/8 INFO :: Solving Local EVP 22/50
2023-02-25 23:57:31,334 criticalfinder 0/8 INFO :: Solving Local EVP 23/50
2023-02-25 23:58:14,643 criticalfinder 0/8 INFO :: Solving Local EVP 24/50
2023-02-25 23:59:01,191 criticalfinder 0/8 INFO :: Solving Local EVP 25/50
2023-02-25 23:59:47,362 criticalfinder 0/8 INFO :: Solving Local EVP 26/50
2023-02-26 00:00:32,976 criticalfinder 0/8 INFO :: Solving Local EVP 27/50
2023-02-26 00:01:16,526 criticalfinder 0/8 INFO :: Solving Local EVP 28/50
2023-02-26 00:02:04,341 criticalfinder 0/8 INFO :: Solving Local EVP 29/50
2023-02-26 00:02:46,453 criticalfinder 0/8 INFO :: Solving Local EVP 30/50
2023-02-26 00:03:31,568 criticalfinder 0/8 INFO :: Solving Local EVP 31/50
2023-02-26 00:04:18,623 criticalfinder 0/8 INFO :: Solving Local EVP 32/50
2023-02-26 00:05:05,833 criticalfinder 0/8 INFO :: Solving Local EVP 33/50
2023-02-26 00:05:53,395 criticalfinder 0/8 INFO :: Solving Local EVP 34/50
2023-02-26 00:06:37,414 criticalfinder 0/8 INFO :: Solving Local EVP 35/50
2023-02-26 00:07:22,315 criticalfinder 0/8 INFO :: Solving Local EVP 36/50
2023-02-26 00:07:59,538 criticalfinder 0/8 INFO :: Solving Local EVP 37/50
2023-02-26 00:08:43,840 criticalfinder 0/8 INFO :: Solving Local EVP 38/50
2023-02-26 00:09:26,672 criticalfinder 0/8 INFO :: Solving Local EVP 39/50
2023-02-26 00:10:10,080 criticalfinder 0/8 INFO :: Solving Local EVP 40/50
2023-02-26 00:10:53,522 criticalfinder 0/8 INFO :: Solving Local EVP 41/50
2023-02-26 00:11:36,787 criticalfinder 0/8 INFO :: Solving Local EVP 42/50
2023-02-26 00:12:24,914 criticalfinder 0/8 INFO :: Solving Local EVP 43/50
2023-02-26 00:13:09,643 criticalfinder 0/8 INFO :: Solving Local EVP 44/50
2023-02-26 00:13:50,137 criticalfinder 0/8 INFO :: Solving Local EVP 45/50
2023-02-26 00:14:33,828 criticalfinder 0/8 INFO :: Solving Local EVP 46/50
2023-02-26 00:15:21,714 criticalfinder 0/8 INFO :: Solving Local EVP 47/50
2023-02-26 00:16:09,147 criticalfinder 0/8 INFO :: Solving Local EVP 48/50
2023-02-26 00:16:55,153 criticalfinder 0/8 INFO :: Solving Local EVP 49/50
2023-02-26 00:17:44,850 criticalfinder 0/8 INFO :: Solving Local EVP 50/50
crits =  (2.407461573798287, 1751.3952060243996, 25.26892255178349)
2023-02-26 00:18:20,671 __main__ 0/8 INFO :: m = -2, eta = 0.6000: Critical Ta = 1751.40, kz = 2.40746
